# JRE version: Java(TM) SE Runtime Environment (8.0_181-b13) (build 1.8.0_181-b13)
# Java VM: Java HotSpot(TM) 64-Bit Server VM (25.181-b13 mixed mode windows-amd64 compressed oops)
Heap:
 PSYoungGen      total 105984K, used 50453K [0x00000000d5580000, 0x00000000de200000, 0x0000000100000000)
  eden space 98816K, 43% used [0x00000000d5580000,0x00000000d7fc6f60,0x00000000db600000)
  from space 7168K, 99% used [0x00000000dbf80000,0x00000000dc67e710,0x00000000dc680000)
  to   space 9728K, 0% used [0x00000000db600000,0x00000000db600000,0x00000000dbf80000)
 ParOldGen       total 63488K, used 14993K [0x0000000080000000, 0x0000000083e00000, 0x00000000d5580000)
  object space 63488K, 23% used [0x0000000080000000,0x0000000080ea4788,0x0000000083e00000)
 Metaspace       used 31936K, capacity 32838K, committed 33152K, reserved 1079296K
  class space    used 3884K, capacity 4126K, committed 4224K, reserved 1048576K
GC Heap History (10 events):
Event: 5.849 GC heap before
{Heap before GC invocations=9 (full 0):
 PSYoungGen      total 71168K, used 49739K [0x00000000d5580000, 0x00000000da280000, 0x0000000100000000)
  eden space 63488K, 71% used [0x00000000d5580000,0x00000000d8208b98,0x00000000d9380000)
  from space 7680K, 53% used [0x00000000d9b00000,0x00000000d9f0a0d8,0x00000000da280000)
  to   space 7680K, 0% used [0x00000000d9380000,0x00000000d9380000,0x00000000d9b00000)
 ParOldGen       total 86016K, used 5725K [0x0000000080000000, 0x0000000085400000, 0x00000000d5580000)
  object space 86016K, 6% used [0x0000000080000000,0x00000000805976c0,0x0000000085400000)
 Metaspace       used 20683K, capacity 21046K, committed 21296K, reserved 1069056K
  class space    used 2309K, capacity 2412K, committed 2432K, reserved 1048576K
Event: 5.858 GC heap after
Heap after GC invocations=9 (full 0):
 PSYoungGen      total 71168K, used 4073K [0x00000000d5580000, 0x00000000dc800000, 0x0000000100000000)
  eden space 63488K, 0% used [0x00000000d5580000,0x00000000d5580000,0x00000000d9380000)
  from space 7680K, 53% used [0x00000000d9380000,0x00000000d977a6b0,0x00000000d9b00000)
  to   space 7680K, 0% used [0x00000000dc080000,0x00000000dc080000,0x00000000dc800000)
 ParOldGen       total 86016K, used 7521K [0x0000000080000000, 0x0000000085400000, 0x00000000d5580000)
  object space 86016K, 8% used [0x0000000080000000,0x0000000080758748,0x0000000085400000)
 Metaspace       used 20683K, capacity 21046K, committed 21296K, reserved 1069056K
  class space    used 2309K, capacity 2412K, committed 2432K, reserved 1048576K
}
Event: 5.858 GC heap before
{Heap before GC invocations=10 (full 1):
 PSYoungGen      total 71168K, used 4073K [0x00000000d5580000, 0x00000000dc800000, 0x0000000100000000)
  eden space 63488K, 0% used [0x00000000d5580000,0x00000000d5580000,0x00000000d9380000)
  from space 7680K, 53% used [0x00000000d9380000,0x00000000d977a6b0,0x00000000d9b00000)
  to   space 7680K, 0% used [0x00000000dc080000,0x00000000dc080000,0x00000000dc800000)
 ParOldGen       total 86016K, used 7521K [0x0000000080000000, 0x0000000085400000, 0x00000000d5580000)
  object space 86016K, 8% used [0x0000000080000000,0x0000000080758748,0x0000000085400000)
 Metaspace       used 20683K, capacity 21046K, committed 21296K, reserved 1069056K
  class space    used 2309K, capacity 2412K, committed 2432K, reserved 1048576K
Event: 5.939 GC heap after
Heap after GC invocations=10 (full 1):
 PSYoungGen      total 71168K, used 0K [0x00000000d5580000, 0x00000000dc800000, 0x0000000100000000)
  eden space 63488K, 0% used [0x00000000d5580000,0x00000000d5580000,0x00000000d9380000)
  from space 7680K, 0% used [0x00000000d9380000,0x00000000d9380000,0x00000000d9b00000)
  to   space 7680K, 0% used [0x00000000dc080000,0x00000000dc080000,0x00000000dc800000)
 ParOldGen       total 63488K, used 10393K [0x0000000080000000, 0x0000000083e00000, 0x00000000d5580000)
  object space 63488K, 16% used [0x0000000080000000,0x0000000080a26740,0x0000000083e00000)
 Metaspace       used 20683K, capacity 21046K, committed 21296K, reserved 1069056K
  class space    used 2309K, capacity 2412K, committed 2432K, reserved 1048576K
}
Event: 7.933 GC heap before
{Heap before GC invocations=11 (full 1):
 PSYoungGen      total 71168K, used 63488K [0x00000000d5580000, 0x00000000dc800000, 0x0000000100000000)
  eden space 63488K, 100% used [0x00000000d5580000,0x00000000d9380000,0x00000000d9380000)
  from space 7680K, 0% used [0x00000000d9380000,0x00000000d9380000,0x00000000d9b00000)
  to   space 7680K, 0% used [0x00000000dc080000,0x00000000dc080000,0x00000000dc800000)
 ParOldGen       total 63488K, used 10393K [0x0000000080000000, 0x0000000083e00000, 0x00000000d5580000)
  object space 63488K, 16% used [0x0000000080000000,0x0000000080a26740,0x0000000083e00000)
 Metaspace       used 24529K, capacity 25000K, committed 25344K, reserved 1071104K
  class space    used 2821K, capacity 2977K, committed 3072K, reserved 1048576K
Event: 7.941 GC heap after
Heap after GC invocations=11 (full 1):
 PSYoungGen      total 84992K, used 4767K [0x00000000d5580000, 0x00000000dc580000, 0x0000000100000000)
  eden space 79872K, 0% used [0x00000000d5580000,0x00000000d5580000,0x00000000da380000)
  from space 5120K, 93% used [0x00000000dc080000,0x00000000dc527ec0,0x00000000dc580000)
  to   space 7680K, 0% used [0x00000000db680000,0x00000000db680000,0x00000000dbe00000)
 ParOldGen       total 63488K, used 10401K [0x0000000080000000, 0x0000000083e00000, 0x00000000d5580000)
  object space 63488K, 16% used [0x0000000080000000,0x0000000080a28740,0x0000000083e00000)
 Metaspace       used 24529K, capacity 25000K, committed 25344K, reserved 1071104K
  class space    used 2821K, capacity 2977K, committed 3072K, reserved 1048576K
}
Event: 8.586 GC heap before
{Heap before GC invocations=12 (full 1):
 PSYoungGen      total 84992K, used 84639K [0x00000000d5580000, 0x00000000dc580000, 0x0000000100000000)
  eden space 79872K, 100% used [0x00000000d5580000,0x00000000da380000,0x00000000da380000)
  from space 5120K, 93% used [0x00000000dc080000,0x00000000dc527ec0,0x00000000dc580000)
  to   space 7680K, 0% used [0x00000000db680000,0x00000000db680000,0x00000000dbe00000)
 ParOldGen       total 63488K, used 10401K [0x0000000080000000, 0x0000000083e00000, 0x00000000d5580000)
  object space 63488K, 16% used [0x0000000080000000,0x0000000080a28740,0x0000000083e00000)
 Metaspace       used 24843K, capacity 25256K, committed 25600K, reserved 1071104K
  class space    used 2837K, capacity 2977K, committed 3072K, reserved 1048576K
Event: 8.595 GC heap after
Heap after GC invocations=12 (full 1):
 PSYoungGen      total 107008K, used 5250K [0x00000000d5580000, 0x00000000dc680000, 0x0000000100000000)
  eden space 99328K, 0% used [0x00000000d5580000,0x00000000d5580000,0x00000000db680000)
  from space 7680K, 68% used [0x00000000db680000,0x00000000dbba0ab0,0x00000000dbe00000)
  to   space 7168K, 0% used [0x00000000dbf80000,0x00000000dbf80000,0x00000000dc680000)
 ParOldGen       total 63488K, used 10409K [0x0000000080000000, 0x0000000083e00000, 0x00000000d5580000)
  object space 63488K, 16% used [0x0000000080000000,0x0000000080a2a740,0x0000000083e00000)
 Metaspace       used 24843K, capacity 25256K, committed 25600K, reserved 1071104K
  class space    used 2837K, capacity 2977K, committed 3072K, reserved 1048576K
}
Event: 11.206 GC heap before
{Heap before GC invocations=13 (full 1):
 PSYoungGen      total 107008K, used 104578K [0x00000000d5580000, 0x00000000dc680000, 0x0000000100000000)
  eden space 99328K, 100% used [0x00000000d5580000,0x00000000db680000,0x00000000db680000)
  from space 7680K, 68% used [0x00000000db680000,0x00000000dbba0ab0,0x00000000dbe00000)
  to   space 7168K, 0% used [0x00000000dbf80000,0x00000000dbf80000,0x00000000dc680000)
 ParOldGen       total 63488K, used 10409K [0x0000000080000000, 0x0000000083e00000, 0x00000000d5580000)
  object space 63488K, 16% used [0x0000000080000000,0x0000000080a2a740,0x0000000083e00000)
 Metaspace       used 30225K, capacity 31104K, committed 31360K, reserved 1077248K
  class space    used 3672K, capacity 3897K, committed 3968K, reserved 1048576K
Event: 11.221 GC heap after
Heap after GC invocations=13 (full 1):
 PSYoungGen      total 105984K, used 7161K [0x00000000d5580000, 0x00000000de200000, 0x0000000100000000)
  eden space 98816K, 0% used [0x00000000d5580000,0x00000000d5580000,0x00000000db600000)
  from space 7168K, 99% used [0x00000000dbf80000,0x00000000dc67e710,0x00000000dc680000)
  to   space 9728K, 0% used [0x00000000db600000,0x00000000db600000,0x00000000dbf80000)
 ParOldGen       total 63488K, used 14993K [0x0000000080000000, 0x0000000083e00000, 0x00000000d5580000)
  object space 63488K, 23% used [0x0000000080000000,0x0000000080ea4788,0x0000000083e00000)
 Metaspace       used 30225K, capacity 31104K, committed 31360K, reserved 1077248K
  class space    used 3672K, capacity 3897K, committed 3968K, reserved 1048576K
}

